Build started 2019/12/17 16:27:06.
     1>Project "c:\Users\ADMIN\documents\visual studio 2010\Projects\Stu_info\Stu_info\Stu_info.vcxproj" on node 2 (rebuild target(s)).
     1>_PrepareForClean:
         Deleting file "Debug\Stu_info.lastbuildstate".
       InitializeBuildStatus:
         Creating "Debug\Stu_info.unsuccessfulbuild" because "AlwaysCreate" was specified.
       ClCompile:
         C:\Program Files (x86)\Microsoft Visual Studio 10.0\VC\bin\CL.exe /c /ZI /nologo /W3 /WX- /Od /Oy- /D _MBCS /Gm /EHsc /RTC1 /MDd /GS /fp:precise /Zc:wchar_t /Zc:forScope /Fo"Debug\\" /Fd"Debug\vc100.pdb" /Gd /TP /analyze- /errorReport:prompt mainwindow.cpp Stuinfo.cpp
         Stuinfo.cpp
     1>c:\users\admin\documents\visual studio 2010\projects\stu_info\stu_info\stuinfo.cpp(21): warning C4018: '<' : signed/unsigned mismatch
     1>c:\users\admin\documents\visual studio 2010\projects\stu_info\stu_info\stuinfo.cpp(89): warning C4018: '<' : signed/unsigned mismatch
     1>c:\users\admin\documents\visual studio 2010\projects\stu_info\stu_info\stuinfo.cpp(111): warning C4018: '<' : signed/unsigned mismatch
     1>c:\users\admin\documents\visual studio 2010\projects\stu_info\stu_info\stuinfo.cpp(133): warning C4018: '<' : signed/unsigned mismatch
     1>c:\users\admin\documents\visual studio 2010\projects\stu_info\stu_info\stuinfo.cpp(147): warning C4018: '<' : signed/unsigned mismatch
         mainwindow.cpp
         Generating Code...
       Link:
         C:\Program Files (x86)\Microsoft Visual Studio 10.0\VC\bin\link.exe /ERRORREPORT:PROMPT /OUT:"c:\users\admin\documents\visual studio 2010\Projects\Stu_info\Debug\Stu_info.exe" /NOLOGO kernel32.lib user32.lib gdi32.lib winspool.lib comdlg32.lib advapi32.lib shell32.lib ole32.lib oleaut32.lib uuid.lib odbc32.lib odbccp32.lib /MANIFEST /ManifestFile:"Debug\Stu_info.exe.intermediate.manifest" /MANIFESTUAC:"level='asInvoker' uiAccess='false'" /DEBUG /PDB:"c:\users\admin\documents\visual studio 2010\Projects\Stu_info\Debug\Stu_info.pdb" /TLBID:1 /DYNAMICBASE /NXCOMPAT /IMPLIB:"c:\users\admin\documents\visual studio 2010\Projects\Stu_info\Debug\Stu_info.lib" /MACHINE:X86 Debug\mainwindow.obj
         Debug\Stuinfo.obj
         Stu_info.vcxproj -> c:\users\admin\documents\visual studio 2010\Projects\Stu_info\Debug\Stu_info.exe
       Manifest:
         C:\Program Files (x86)\Microsoft SDKs\Windows\v7.0A\bin\mt.exe /nologo /verbose /outputresource:"c:\users\admin\documents\visual studio 2010\Projects\Stu_info\Debug\Stu_info.exe;#1" /manifest Debug\Stu_info.exe.intermediate.manifest
       FinalizeBuildStatus:
         Deleting file "Debug\Stu_info.unsuccessfulbuild".
         Touching "Debug\Stu_info.lastbuildstate".
     1>Done Building Project "c:\Users\ADMIN\documents\visual studio 2010\Projects\Stu_info\Stu_info\Stu_info.vcxproj" (rebuild target(s)).

Build succeeded.

Time Elapsed 00:00:02.01
